{
  "meta": {
    "format": 3,
    "version": "7.13.5",
    "timestamp": "2026-05-04T21:01:25.058380",
    "branch_coverage": false,
    "show_contexts": false
  },
  "files": {
    "src/__init__.py": {
      "executed_lines": [],
      "summary": {
        "covered_lines": 0,
        "num_statements": 0,
        "percent_covered": 100.0,
        "percent_covered_display": "100",
        "missing_lines": 0,
        "excluded_lines": 0,
        "percent_statements_covered": 100.0,
        "percent_statements_covered_display": "100"
      },
      "missing_lines": [],
      "excluded_lines": [],
      "functions": {
        "": {
          "executed_lines": [],
          "summary": {
            "covered_lines": 0,
            "num_statements": 0,
            "percent_covered": 100.0,
            "percent_covered_display": "100",
            "missing_lines": 0,
            "excluded_lines": 0,
            "percent_statements_covered": 100.0,
            "percent_statements_covered_display": "100"
          },
          "missing_lines": [],
          "excluded_lines": [],
          "start_line": 1
        }
      },
      "classes": {
        "": {
          "executed_lines": [],
          "summary": {
            "covered_lines": 0,
            "num_statements": 0,
            "percent_covered": 100.0,
            "percent_covered_display": "100",
            "missing_lines": 0,
            "excluded_lines": 0,
            "percent_statements_covered": 100.0,
            "percent_statements_covered_display": "100"
          },
          "missing_lines": [],
          "excluded_lines": [],
          "start_line": 1
        }
      }
    },
    "src/billing/__init__.py": {
      "executed_lines": [1, 2, 3, 12],
      "summary": {
        "covered_lines": 4,
        "num_statements": 4,
        "percent_covered": 100.0,
        "percent_covered_display": "100",
        "missing_lines": 0,
        "excluded_lines": 0,
        "percent_statements_covered": 100.0,
        "percent_statements_covered_display": "100"
      },
      "missing_lines": [],
      "excluded_lines": [],
      "functions": {
        "": {
          "executed_lines": [1, 2, 3, 12],
          "summary": {
            "covered_lines": 4,
            "num_statements": 4,
            "percent_covered": 100.0,
            "percent_covered_display": "100",
            "missing_lines": 0,
            "excluded_lines": 0,
            "percent_statements_covered": 100.0,
            "percent_statements_covered_display": "100"
          },
          "missing_lines": [],
          "excluded_lines": [],
          "start_line": 1
        }
      },
      "classes": {
        "": {
          "executed_lines": [1, 2, 3, 12],
          "summary": {
            "covered_lines": 4,
            "num_statements": 4,
            "percent_covered": 100.0,
            "percent_covered_display": "100",
            "missing_lines": 0,
            "excluded_lines": 0,
            "percent_statements_covered": 100.0,
            "percent_statements_covered_display": "100"
          },
          "missing_lines": [],
          "excluded_lines": [],
          "start_line": 1
        }
      }
    },
    "src/billing/abc.py": {
      "executed_lines": [1, 3, 13],
      "summary": {
        "covered_lines": 3,
        "num_statements": 3,
        "percent_covered": 100.0,
        "percent_covered_display": "100",
        "missing_lines": 0,
        "excluded_lines": 77,
        "percent_statements_covered": 100.0,
        "percent_statements_covered_display": "100"
      },
      "missing_lines": [],
      "excluded_lines": [
        14, 15, 16, 17, 19, 20, 21, 22, 24, 25, 27, 28, 29, 30, 31, 32, 33, 34,
        35, 37, 38, 40, 41, 42, 43, 45, 46, 48, 49, 50, 51, 52, 53, 54, 55, 56,
        57, 58, 60, 61, 62, 63, 65, 66, 68, 69, 70, 71, 73, 74, 75, 76, 77, 78,
        79, 80, 82, 83, 84, 85, 87, 88, 89, 90, 91, 92, 93, 95, 96, 98, 99, 100,
        101, 102, 103, 104, 105
      ],
      "functions": {
        "BillingProviderABC.create_product": {
          "executed_lines": [],
          "summary": {
            "covered_lines": 0,
            "num_statements": 0,
            "percent_covered": 100.0,
            "percent_covered_display": "100",
            "missing_lines": 0,
            "excluded_lines": 1,
            "percent_statements_covered": 100.0,
            "percent_statements_covered_display": "100"
          },
          "missing_lines": [],
          "excluded_lines": [17],
          "start_line": 15
        },
        "BillingProviderABC.update_product": {
          "executed_lines": [],
          "summary": {
            "covered_lines": 0,
            "num_statements": 0,
            "percent_covered": 100.0,
            "percent_covered_display": "100",
            "missing_lines": 0,
            "excluded_lines": 1,
            "percent_statements_covered": 100.0,
            "percent_statements_covered_display": "100"
          },
          "missing_lines": [],
          "excluded_lines": [22],
          "start_line": 20
        },
        "BillingProviderABC.archive_product": {
          "executed_lines": [],
          "summary": {
            "covered_lines": 0,
            "num_statements": 0,
            "percent_covered": 100.0,
            "percent_covered_display": "100",
            "missing_lines": 0,
            "excluded_lines": 1,
            "percent_statements_covered": 100.0,
            "percent_statements_covered_display": "100"
          },
          "missing_lines": [],
          "excluded_lines": [25],
          "start_line": 25
        },
        "BillingProviderABC.create_price": {
          "executed_lines": [],
          "summary": {
            "covered_lines": 0,
            "num_statements": 0,
            "percent_covered": 100.0,
            "percent_covered_display": "100",
            "missing_lines": 0,
            "excluded_lines": 1,
            "percent_statements_covered": 100.0,
            "percent_statements_covered_display": "100"
          },
          "missing_lines": [],
          "excluded_lines": [35],
          "start_line": 28
        },
        "BillingProviderABC.archive_price": {
          "executed_lines": [],
          "summary": {
            "covered_lines": 0,
            "num_statements": 0,
            "percent_covered": 100.0,
            "percent_covered_display": "100",
            "missing_lines": 0,
            "excluded_lines": 1,
            "percent_statements_covered": 100.0,
            "percent_statements_covered_display": "100"
          },
          "missing_lines": [],
          "excluded_lines": [38],
          "start_line": 38
        },
        "BillingProviderABC.get_or_create_customer": {
          "executed_lines": [],
          "summary": {
            "covered_lines": 0,
            "num_statements": 0,
            "percent_covered": 100.0,
            "percent_covered_display": "100",
            "missing_lines": 0,
            "excluded_lines": 1,
            "percent_statements_covered": 100.0,
            "percent_statements_covered_display": "100"
          },
          "missing_lines": [],
          "excluded_lines": [43],
          "start_line": 41
        },
        "BillingProviderABC.update_customer": {
          "executed_lines": [],
          "summary": {
            "covered_lines": 0,
            "num_statements": 0,
            "percent_covered": 100.0,
            "percent_covered_display": "100",
            "missing_lines": 0,
            "excluded_lines": 1,
            "percent_statements_covered": 100.0,
            "percent_statements_covered_display": "100"
          },
          "missing_lines": [],
          "excluded_lines": [46],
          "start_line": 46
        },
        "BillingProviderABC.create_checkout_session": {
          "executed_lines": [],
          "summary": {
            "covered_lines": 0,
            "num_statements": 0,
            "percent_covered": 100.0,
            "percent_covered_display": "100",
            "missing_lines": 0,
            "excluded_lines": 1,
            "percent_statements_covered": 100.0,
            "percent_statements_covered_display": "100"
          },
          "missing_lines": [],
          "excluded_lines": [58],
          "start_line": 49
        },
        "BillingProviderABC.cancel_subscription": {
          "executed_lines": [],
          "summary": {
            "covered_lines": 0,
            "num_statements": 0,
            "percent_covered": 100.0,
            "percent_covered_display": "100",
            "missing_lines": 0,
            "excluded_lines": 1,
            "percent_statements_covered": 100.0,
            "percent_statements_covered_display": "100"
          },
          "missing_lines": [],
          "excluded_lines": [63],
          "start_line": 61
        },
        "BillingProviderABC.delete_subscription": {
          "executed_lines": [],
          "summary": {
            "covered_lines": 0,
            "num_statements": 0,
            "percent_covered": 100.0,
            "percent_covered_display": "100",
            "missing_lines": 0,
            "excluded_lines": 1,
            "percent_statements_covered": 100.0,
            "percent_statements_covered_display": "100"
          },
          "missing_lines": [],
          "excluded_lines": [66],
          "start_line": 66
        },
        "BillingProviderABC.resume_subscription": {
          "executed_lines": [],
          "summary": {
            "covered_lines": 0,
            "num_statements": 0,
            "percent_covered": 100.0,
            "percent_covered_display": "100",
            "missing_lines": 0,
            "excluded_lines": 1,
            "percent_statements_covered": 100.0,
            "percent_statements_covered_display": "100"
          },
          "missing_lines": [],
          "excluded_lines": [71],
          "start_line": 69
        },
        "BillingProviderABC.switch_subscription_price": {
          "executed_lines": [],
          "summary": {
            "covered_lines": 0,
            "num_statements": 0,
            "percent_covered": 100.0,
            "percent_covered_display": "100",
            "missing_lines": 0,
            "excluded_lines": 1,
            "percent_statements_covered": 100.0,
            "percent_statements_covered_display": "100"
          },
          "missing_lines": [],
          "excluded_lines": [80],
          "start_line": 74
        },
        "BillingProviderABC.get_customer_portal_url": {
          "executed_lines": [],
          "summary": {
            "covered_lines": 0,
            "num_statements": 0,
            "percent_covered": 100.0,
            "percent_covered_display": "100",
            "missing_lines": 0,
            "excluded_lines": 1,
            "percent_statements_covered": 100.0,
            "percent_statements_covered_display": "100"
          },
          "missing_lines": [],
          "excluded_lines": [85],
          "start_line": 83
        },
        "BillingProviderABC.create_subscription": {
          "executed_lines": [],
          "summary": {
            "covered_lines": 0,
            "num_statements": 0,
            "percent_covered": 100.0,
            "percent_covered_display": "100",
            "missing_lines": 0,
            "excluded_lines": 1,
            "percent_statements_covered": 100.0,
            "percent_statements_covered_display": "100"
          },
          "missing_lines": [],
          "excluded_lines": [93],
          "start_line": 88
        },
        "BillingProviderABC.has_payment_method": {
          "executed_lines": [],
          "summary": {
            "covered_lines": 0,
            "num_statements": 0,
            "percent_covered": 100.0,
            "percent_covered_display": "100",
            "missing_lines": 0,
            "excluded_lines": 1,
            "percent_statements_covered": 100.0,
            "percent_statements_covered_display": "100"
          },
          "missing_lines": [],
          "excluded_lines": [96],
          "start_line": 96
        },
        "BillingProviderABC.construct_webhook_event": {
          "executed_lines": [],
          "summary": {
            "covered_lines": 0,
            "num_statements": 0,
            "percent_covered": 100.0,
            "percent_covered_display": "100",
            "missing_lines": 0,
            "excluded_lines": 4,
            "percent_statements_covered": 100.0,
            "percent_statements_covered_display": "100"
          },
          "missing_lines": [],
          "excluded_lines": [102, 103, 104, 105],
          "start_line": 99
        },
        "": {
          "executed_lines": [1, 3, 13],
          "summary": {
            "covered_lines": 3,
            "num_statements": 3,
            "percent_covered": 100.0,
            "percent_covered_display": "100",
            "missing_lines": 0,
            "excluded_lines": 58,
            "percent_statements_covered": 100.0,
            "percent_statements_covered_display": "100"
          },
          "missing_lines": [],
          "excluded_lines": [
            14, 15, 16, 19, 20, 21, 24, 27, 28, 29, 30, 31, 32, 33, 34, 37, 40,
            41, 42, 45, 48, 49, 50, 51, 52, 53, 54, 55, 56, 57, 60, 61, 62, 65,
            68, 69, 70, 73, 74, 75, 76, 77, 78, 79, 82, 83, 84, 87, 88, 89, 90,
            91, 92, 95, 98, 99, 100, 101
          ],
          "start_line": 1
        }
      },
      "classes": {
        "BillingProviderABC": {
          "executed_lines": [],
          "summary": {
            "covered_lines": 0,
            "num_statements": 0,
            "percent_covered": 100.0,
            "percent_covered_display": "100",
            "missing_lines": 0,
            "excluded_lines": 19,
            "percent_statements_covered": 100.0,
            "percent_statements_covered_display": "100"
          },
          "missing_lines": [],
          "excluded_lines": [
            17, 22, 25, 35, 38, 43, 46, 58, 63, 66, 71, 80, 85, 93, 96, 102,
            103, 104, 105
          ],
          "start_line": 13
        },
        "": {
          "executed_lines": [1, 3, 13],
          "summary": {
            "covered_lines": 3,
            "num_statements": 3,
            "percent_covered": 100.0,
            "percent_covered_display": "100",
            "missing_lines": 0,
            "excluded_lines": 58,
            "percent_statements_covered": 100.0,
            "percent_statements_covered_display": "100"
          },
          "missing_lines": [],
          "excluded_lines": [
            14, 15, 16, 19, 20, 21, 24, 27, 28, 29, 30, 31, 32, 33, 34, 37, 40,
            41, 42, 45, 48, 49, 50, 51, 52, 53, 54, 55, 56, 57, 60, 61, 62, 65,
            68, 69, 70, 73, 74, 75, 76, 77, 78, 79, 82, 83, 84, 87, 88, 89, 90,
            91, 92, 95, 98, 99, 100, 101
          ],
          "start_line": 1
        }
      }
    },
    "src/billing/dependencies.py": {
      "executed_lines": [1, 3, 5, 6, 7, 10, 17],
      "summary": {
        "covered_lines": 7,
        "num_statements": 8,
        "percent_covered": 87.5,
        "percent_covered_display": "88",
        "missing_lines": 1,
        "excluded_lines": 0,
        "percent_statements_covered": 87.5,
        "percent_statements_covered_display": "88"
      },
      "missing_lines": [11],
      "excluded_lines": [],
      "functions": {
        "get_billing_provider": {
          "executed_lines": [],
          "summary": {
            "covered_lines": 0,
            "num_statements": 1,
            "percent_covered": 0.0,
            "percent_covered_display": "0",
            "missing_lines": 1,
            "excluded_lines": 0,
            "percent_statements_covered": 0.0,
            "percent_statements_covered_display": "0"
          },
          "missing_lines": [11],
          "excluded_lines": [],
          "start_line": 10
        },
        "": {
          "executed_lines": [1, 3, 5, 6, 7, 10, 17],
          "summary": {
            "covered_lines": 7,
            "num_statements": 7,
            "percent_covered": 100.0,
            "percent_covered_display": "100",
            "missing_lines": 0,
            "excluded_lines": 0,
            "percent_statements_covered": 100.0,
            "percent_statements_covered_display": "100"
          },
          "missing_lines": [],
          "excluded_lines": [],
          "start_line": 1
        }
      },
      "classes": {
        "": {
          "executed_lines": [1, 3, 5, 6, 7, 10, 17],
          "summary": {
            "covered_lines": 7,
            "num_statements": 8,
            "percent_covered": 87.5,
            "percent_covered_display": "88",
            "missing_lines": 1,
            "excluded_lines": 0,
            "percent_statements_covered": 87.5,
            "percent_statements_covered_display": "88"
          },
          "missing_lines": [11],
          "excluded_lines": [],
          "start_line": 1
        }
      }
    },
    "src/billing/stripe_provider.py": {
      "executed_lines": [
        1, 2, 4, 6, 7, 15, 16, 19, 41, 47, 48, 52, 53, 57, 73, 89, 99, 130, 140,
        164, 174, 226, 239, 248, 272, 302, 330, 341, 354, 376, 377
      ],
      "summary": {
        "covered_lines": 31,
        "num_statements": 162,
        "percent_covered": 19.135802469135804,
        "percent_covered_display": "19",
        "missing_lines": 131,
        "excluded_lines": 0,
        "percent_statements_covered": 19.135802469135804,
        "percent_statements_covered_display": "19"
      },
      "missing_lines": [
        42, 43, 44, 49, 50, 54, 55, 60, 61, 62, 63, 64, 69, 70, 71, 76, 77, 78,
        79, 80, 85, 86, 87, 90, 91, 96, 97, 107, 108, 126, 127, 128, 131, 132,
        137, 138, 143, 144, 148, 149, 151, 155, 156, 157, 160, 161, 162, 165,
        166, 171, 172, 184, 185, 194, 195, 196, 197, 199, 201, 202, 209, 210,
        212, 213, 215, 219, 223, 224, 229, 230, 235, 236, 237, 240, 241, 245,
        246, 251, 252, 256, 257, 263, 268, 269, 270, 279, 280, 284, 285, 286,
        287, 291, 292, 293, 298, 299, 300, 308, 309, 320, 321, 322, 325, 326,
        327, 328, 331, 332, 337, 338, 339, 344, 345, 350, 351, 352, 357, 358,
        361, 362, 363, 364, 366, 367, 368, 370, 378, 380, 381, 382, 384
      ],
      "excluded_lines": [],
      "functions": {
        "_ts_to_dt": {
          "executed_lines": [],
          "summary": {
            "covered_lines": 0,
            "num_statements": 3,
            "percent_covered": 0.0,
            "percent_covered_display": "0",
            "missing_lines": 3,
            "excluded_lines": 0,
            "percent_statements_covered": 0.0,
            "percent_statements_covered_display": "0"
          },
          "missing_lines": [42, 43, 44],
          "excluded_lines": [],
          "start_line": 41
        },
        "StripeProvider.__init__": {
          "executed_lines": [],
          "summary": {
            "covered_lines": 0,
            "num_statements": 2,
            "percent_covered": 0.0,
            "percent_covered_display": "0",
            "missing_lines": 2,
            "excluded_lines": 0,
            "percent_statements_covered": 0.0,
            "percent_statements_covered_display": "0"
          },
          "missing_lines": [49, 50],
          "excluded_lines": [],
          "start_line": 48
        },
        "StripeProvider._idempotency_key": {
          "executed_lines": [],
          "summary": {
            "covered_lines": 0,
            "num_statements": 2,
            "percent_covered": 0.0,
            "percent_covered_display": "0",
            "missing_lines": 2,
            "excluded_lines": 0,
            "percent_statements_covered": 0.0,
            "percent_statements_covered_display": "0"
          },
          "missing_lines": [54, 55],
          "excluded_lines": [],
          "start_line": 53
        },
        "StripeProvider.create_product": {
          "executed_lines": [],
          "summary": {
            "covered_lines": 0,
            "num_statements": 8,
            "percent_covered": 0.0,
            "percent_covered_display": "0",
            "missing_lines": 8,
            "excluded_lines": 0,
            "percent_statements_covered": 0.0,
            "percent_statements_covered_display": "0"
          },
          "missing_lines": [60, 61, 62, 63, 64, 69, 70, 71],
          "excluded_lines": [],
          "start_line": 57
        },
        "StripeProvider.update_product": {
          "executed_lines": [],
          "summary": {
            "covered_lines": 0,
            "num_statements": 8,
            "percent_covered": 0.0,
            "percent_covered_display": "0",
            "missing_lines": 8,
            "excluded_lines": 0,
            "percent_statements_covered": 0.0,
            "percent_statements_covered_display": "0"
          },
          "missing_lines": [76, 77, 78, 79, 80, 85, 86, 87],
          "excluded_lines": [],
          "start_line": 73
        },
        "StripeProvider.archive_product": {
          "executed_lines": [],
          "summary": {
            "covered_lines": 0,
            "num_statements": 4,
            "percent_covered": 0.0,
            "percent_covered_display": "0",
            "missing_lines": 4,
            "excluded_lines": 0,
            "percent_statements_covered": 0.0,
            "percent_statements_covered_display": "0"
          },
          "missing_lines": [90, 91, 96, 97],
          "excluded_lines": [],
          "start_line": 89
        },
        "StripeProvider.create_price": {
          "executed_lines": [],
          "summary": {
            "covered_lines": 0,
            "num_statements": 5,
            "percent_covered": 0.0,
            "percent_covered_display": "0",
            "missing_lines": 5,
            "excluded_lines": 0,
            "percent_statements_covered": 0.0,
            "percent_statements_covered_display": "0"
          },
          "missing_lines": [107, 108, 126, 127, 128],
          "excluded_lines": [],
          "start_line": 99
        },
        "StripeProvider.archive_price": {
          "executed_lines": [],
          "summary": {
            "covered_lines": 0,
            "num_statements": 4,
            "percent_covered": 0.0,
            "percent_covered_display": "0",
            "missing_lines": 4,
            "excluded_lines": 0,
            "percent_statements_covered": 0.0,
            "percent_statements_covered_display": "0"
          },
          "missing_lines": [131, 132, 137, 138],
          "excluded_lines": [],
          "start_line": 130
        },
        "StripeProvider.get_or_create_customer": {
          "executed_lines": [],
          "summary": {
            "covered_lines": 0,
            "num_statements": 11,
            "percent_covered": 0.0,
            "percent_covered_display": "0",
            "missing_lines": 11,
            "excluded_lines": 0,
            "percent_statements_covered": 0.0,
            "percent_statements_covered_display": "0"
          },
          "missing_lines": [
            143, 144, 148, 149, 151, 155, 156, 157, 160, 161, 162
          ],
          "excluded_lines": [],
          "start_line": 140
        },
        "StripeProvider.update_customer": {
          "executed_lines": [],
          "summary": {
            "covered_lines": 0,
            "num_statements": 4,
            "percent_covered": 0.0,
            "percent_covered_display": "0",
            "missing_lines": 4,
            "excluded_lines": 0,
            "percent_statements_covered": 0.0,
            "percent_statements_covered_display": "0"
          },
          "missing_lines": [165, 166, 171, 172],
          "excluded_lines": [],
          "start_line": 164
        },
        "StripeProvider.create_checkout_session": {
          "executed_lines": [],
          "summary": {
            "covered_lines": 0,
            "num_statements": 17,
            "percent_covered": 0.0,
            "percent_covered_display": "0",
            "missing_lines": 17,
            "excluded_lines": 0,
            "percent_statements_covered": 0.0,
            "percent_statements_covered_display": "0"
          },
          "missing_lines": [
            184, 185, 194, 195, 196, 197, 199, 201, 202, 209, 210, 212, 213,
            215, 219, 223, 224
          ],
          "excluded_lines": [],
          "start_line": 174
        },
        "StripeProvider.cancel_subscription": {
          "executed_lines": [],
          "summary": {
            "covered_lines": 0,
            "num_statements": 5,
            "percent_covered": 0.0,
            "percent_covered_display": "0",
            "missing_lines": 5,
            "excluded_lines": 0,
            "percent_statements_covered": 0.0,
            "percent_statements_covered_display": "0"
          },
          "missing_lines": [229, 230, 235, 236, 237],
          "excluded_lines": [],
          "start_line": 226
        },
        "StripeProvider.delete_subscription": {
          "executed_lines": [],
          "summary": {
            "covered_lines": 0,
            "num_statements": 4,
            "percent_covered": 0.0,
            "percent_covered_display": "0",
            "missing_lines": 4,
            "excluded_lines": 0,
            "percent_statements_covered": 0.0,
            "percent_statements_covered_display": "0"
          },
          "missing_lines": [240, 241, 245, 246],
          "excluded_lines": [],
          "start_line": 239
        },
        "StripeProvider.resume_subscription": {
          "executed_lines": [],
          "summary": {
            "covered_lines": 0,
            "num_statements": 8,
            "percent_covered": 0.0,
            "percent_covered_display": "0",
            "missing_lines": 8,
            "excluded_lines": 0,
            "percent_statements_covered": 0.0,
            "percent_statements_covered_display": "0"
          },
          "missing_lines": [251, 252, 256, 257, 263, 268, 269, 270],
          "excluded_lines": [],
          "start_line": 248
        },
        "StripeProvider.switch_subscription_price": {
          "executed_lines": [],
          "summary": {
            "covered_lines": 0,
            "num_statements": 12,
            "percent_covered": 0.0,
            "percent_covered_display": "0",
            "missing_lines": 12,
            "excluded_lines": 0,
            "percent_statements_covered": 0.0,
            "percent_statements_covered_display": "0"
          },
          "missing_lines": [
            279, 280, 284, 285, 286, 287, 291, 292, 293, 298, 299, 300
          ],
          "excluded_lines": [],
          "start_line": 272
        },
        "StripeProvider.create_subscription": {
          "executed_lines": [],
          "summary": {
            "covered_lines": 0,
            "num_statements": 9,
            "percent_covered": 0.0,
            "percent_covered_display": "0",
            "missing_lines": 9,
            "excluded_lines": 0,
            "percent_statements_covered": 0.0,
            "percent_statements_covered_display": "0"
          },
          "missing_lines": [308, 309, 320, 321, 322, 325, 326, 327, 328],
          "excluded_lines": [],
          "start_line": 302
        },
        "StripeProvider.has_payment_method": {
          "executed_lines": [],
          "summary": {
            "covered_lines": 0,
            "num_statements": 5,
            "percent_covered": 0.0,
            "percent_covered_display": "0",
            "missing_lines": 5,
            "excluded_lines": 0,
            "percent_statements_covered": 0.0,
            "percent_statements_covered_display": "0"
          },
          "missing_lines": [331, 332, 337, 338, 339],
          "excluded_lines": [],
          "start_line": 330
        },
        "StripeProvider.get_customer_portal_url": {
          "executed_lines": [],
          "summary": {
            "covered_lines": 0,
            "num_statements": 5,
            "percent_covered": 0.0,
            "percent_covered_display": "0",
            "missing_lines": 5,
            "excluded_lines": 0,
            "percent_statements_covered": 0.0,
            "percent_statements_covered_display": "0"
          },
          "missing_lines": [344, 345, 350, 351, 352],
          "excluded_lines": [],
          "start_line": 341
        },
        "StripeProvider.construct_webhook_event": {
          "executed_lines": [],
          "summary": {
            "covered_lines": 0,
            "num_statements": 10,
            "percent_covered": 0.0,
            "percent_covered_display": "0",
            "missing_lines": 10,
            "excluded_lines": 0,
            "percent_statements_covered": 0.0,
            "percent_statements_covered_display": "0"
          },
          "missing_lines": [357, 358, 361, 362, 363, 364, 366, 367, 368, 370],
          "excluded_lines": [],
          "start_line": 354
        },
        "StripeProvider._map_subscription": {
          "executed_lines": [],
          "summary": {
            "covered_lines": 0,
            "num_statements": 5,
            "percent_covered": 0.0,
            "percent_covered_display": "0",
            "missing_lines": 5,
            "excluded_lines": 0,
            "percent_statements_covered": 0.0,
            "percent_statements_covered_display": "0"
          },
          "missing_lines": [378, 380, 381, 382, 384],
          "excluded_lines": [],
          "start_line": 377
        },
        "": {
          "executed_lines": [
            1, 2, 4, 6, 7, 15, 16, 19, 41, 47, 48, 52, 53, 57, 73, 89, 99, 130,
            140, 164, 174, 226, 239, 248, 272, 302, 330, 341, 354, 376, 377
          ],
          "summary": {
            "covered_lines": 31,
            "num_statements": 31,
            "percent_covered": 100.0,
            "percent_covered_display": "100",
            "missing_lines": 0,
            "excluded_lines": 0,
            "percent_statements_covered": 100.0,
            "percent_statements_covered_display": "100"
          },
          "missing_lines": [],
          "excluded_lines": [],
          "start_line": 1
        }
      },
      "classes": {
        "StripeProvider": {
          "executed_lines": [],
          "summary": {
            "covered_lines": 0,
            "num_statements": 128,
            "percent_covered": 0.0,
            "percent_covered_display": "0",
            "missing_lines": 128,
            "excluded_lines": 0,
            "percent_statements_covered": 0.0,
            "percent_statements_covered_display": "0"
          },
          "missing_lines": [
            49, 50, 54, 55, 60, 61, 62, 63, 64, 69, 70, 71, 76, 77, 78, 79, 80,
            85, 86, 87, 90, 91, 96, 97, 107, 108, 126, 127, 128, 131, 132, 137,
            138, 143, 144, 148, 149, 151, 155, 156, 157, 160, 161, 162, 165,
            166, 171, 172, 184, 185, 194, 195, 196, 197, 199, 201, 202, 209,
            210, 212, 213, 215, 219, 223, 224, 229, 230, 235, 236, 237, 240,
            241, 245, 246, 251, 252, 256, 257, 263, 268, 269, 270, 279, 280,
            284, 285, 286, 287, 291, 292, 293, 298, 299, 300, 308, 309, 320,
            321, 322, 325, 326, 327, 328, 331, 332, 337, 338, 339, 344, 345,
            350, 351, 352, 357, 358, 361, 362, 363, 364, 366, 367, 368, 370,
            378, 380, 381, 382, 384
          ],
          "excluded_lines": [],
          "start_line": 47
        },
        "": {
          "executed_lines": [
            1, 2, 4, 6, 7, 15, 16, 19, 41, 47, 48, 52, 53, 57, 73, 89, 99, 130,
            140, 164, 174, 226, 239, 248, 272, 302, 330, 341, 354, 376, 377
          ],
          "summary": {
            "covered_lines": 31,
            "num_statements": 34,
            "percent_covered": 91.17647058823529,
            "percent_covered_display": "91",
            "missing_lines": 3,
            "excluded_lines": 0,
            "percent_statements_covered": 91.17647058823529,
            "percent_statements_covered_display": "91"
          },
          "missing_lines": [42, 43, 44],
          "excluded_lines": [],
          "start_line": 1
        }
      }
    },
    "src/billing/types.py": {
      "executed_lines": [
        1, 2, 5, 6, 7, 10, 11, 12, 15, 16, 17, 18, 21, 22, 23, 26, 27, 28, 29,
        30, 31, 32, 33, 34, 35, 36, 37, 40, 41, 42, 43, 44
      ],
      "summary": {
        "covered_lines": 32,
        "num_statements": 32,
        "percent_covered": 100.0,
        "percent_covered_display": "100",
        "missing_lines": 0,
        "excluded_lines": 0,
        "percent_statements_covered": 100.0,
        "percent_statements_covered_display": "100"
      },
      "missing_lines": [],
      "excluded_lines": [],
      "functions": {
        "": {
          "executed_lines": [
            1, 2, 5, 6, 7, 10, 11, 12, 15, 16, 17, 18, 21, 22, 23, 26, 27, 28,
            29, 30, 31, 32, 33, 34, 35, 36, 37, 40, 41, 42, 43, 44
          ],
          "summary": {
            "covered_lines": 32,
            "num_statements": 32,
            "percent_covered": 100.0,
            "percent_covered_display": "100",
            "missing_lines": 0,
            "excluded_lines": 0,
            "percent_statements_covered": 100.0,
            "percent_statements_covered_display": "100"
          },
          "missing_lines": [],
          "excluded_lines": [],
          "start_line": 1
        }
      },
      "classes": {
        "ExternalProduct": {
          "executed_lines": [],
          "summary": {
            "covered_lines": 0,
            "num_statements": 0,
            "percent_covered": 100.0,
            "percent_covered_display": "100",
            "missing_lines": 0,
            "excluded_lines": 0,
            "percent_statements_covered": 100.0,
            "percent_statements_covered_display": "100"
          },
          "missing_lines": [],
          "excluded_lines": [],
          "start_line": 6
        },
        "ExternalPrice": {
          "executed_lines": [],
          "summary": {
            "covered_lines": 0,
            "num_statements": 0,
            "percent_covered": 100.0,
            "percent_covered_display": "100",
            "missing_lines": 0,
            "excluded_lines": 0,
            "percent_statements_covered": 100.0,
            "percent_statements_covered_display": "100"
          },
          "missing_lines": [],
          "excluded_lines": [],
          "start_line": 11
        },
        "CheckoutResult": {
          "executed_lines": [],
          "summary": {
            "covered_lines": 0,
            "num_statements": 0,
            "percent_covered": 100.0,
            "percent_covered_display": "100",
            "missing_lines": 0,
            "excluded_lines": 0,
            "percent_statements_covered": 100.0,
            "percent_statements_covered_display": "100"
          },
          "missing_lines": [],
          "excluded_lines": [],
          "start_line": 16
        },
        "CustomerPortalResult": {
          "executed_lines": [],
          "summary": {
            "covered_lines": 0,
            "num_statements": 0,
            "percent_covered": 100.0,
            "percent_covered_display": "100",
            "missing_lines": 0,
            "excluded_lines": 0,
            "percent_statements_covered": 100.0,
            "percent_statements_covered_display": "100"
          },
          "missing_lines": [],
          "excluded_lines": [],
          "start_line": 22
        },
        "ExternalSubscription": {
          "executed_lines": [],
          "summary": {
            "covered_lines": 0,
            "num_statements": 0,
            "percent_covered": 100.0,
            "percent_covered_display": "100",
            "missing_lines": 0,
            "excluded_lines": 0,
            "percent_statements_covered": 100.0,
            "percent_statements_covered_display": "100"
          },
          "missing_lines": [],
          "excluded_lines": [],
          "start_line": 27
        },
        "WebhookPayload": {
          "executed_lines": [],
          "summary": {
            "covered_lines": 0,
            "num_statements": 0,
            "percent_covered": 100.0,
            "percent_covered_display": "100",
            "missing_lines": 0,
            "excluded_lines": 0,
            "percent_statements_covered": 100.0,
            "percent_statements_covered_display": "100"
          },
          "missing_lines": [],
          "excluded_lines": [],
          "start_line": 41
        },
        "": {
          "executed_lines": [
            1, 2, 5, 6, 7, 10, 11, 12, 15, 16, 17, 18, 21, 22, 23, 26, 27, 28,
            29, 30, 31, 32, 33, 34, 35, 36, 37, 40, 41, 42, 43, 44
          ],
          "summary": {
            "covered_lines": 32,
            "num_statements": 32,
            "percent_covered": 100.0,
            "percent_covered_display": "100",
            "missing_lines": 0,
            "excluded_lines": 0,
            "percent_statements_covered": 100.0,
            "percent_statements_covered_display": "100"
          },
          "missing_lines": [],
          "excluded_lines": [],
          "start_line": 1
        }
      }
    },
    "src/core/__init__.py": {
      "executed_lines": [],
      "summary": {
        "covered_lines": 0,
        "num_statements": 0,
        "percent_covered": 100.0,
        "percent_covered_display": "100",
        "missing_lines": 0,
        "excluded_lines": 0,
        "percent_statements_covered": 100.0,
        "percent_statements_covered_display": "100"
      },
      "missing_lines": [],
      "excluded_lines": [],
      "functions": {
        "": {
          "executed_lines": [],
          "summary": {
            "covered_lines": 0,
            "num_statements": 0,
            "percent_covered": 100.0,
            "percent_covered_display": "100",
            "missing_lines": 0,
            "excluded_lines": 0,
            "percent_statements_covered": 100.0,
            "percent_statements_covered_display": "100"
          },
          "missing_lines": [],
          "excluded_lines": [],
          "start_line": 1
        }
      },
      "classes": {
        "": {
          "executed_lines": [],
          "summary": {
            "covered_lines": 0,
            "num_statements": 0,
            "percent_covered": 100.0,
            "percent_covered_display": "100",
            "missing_lines": 0,
            "excluded_lines": 0,
            "percent_statements_covered": 100.0,
            "percent_statements_covered_display": "100"
          },
          "missing_lines": [],
          "excluded_lines": [],
          "start_line": 1
        }
      }
    },
    "src/core/config.py": {
      "executed_lines": [
        1, 3, 4, 7, 8, 11, 12, 16, 17, 18, 19, 20, 22, 24, 25, 26, 27, 28, 29,
        30, 31, 33, 35, 36, 37, 38, 40, 42, 44, 45, 46, 47, 49, 51, 52, 53, 54,
        56, 57, 58, 59, 60, 61, 62, 64, 65, 66, 67, 69, 71, 72, 73, 74, 75, 76,
        77, 79, 80, 81, 83, 84, 86, 87, 88, 92, 94, 95, 96, 98, 100, 101, 102,
        113, 116
      ],
      "summary": {
        "covered_lines": 74,
        "num_statements": 80,
        "percent_covered": 92.5,
        "percent_covered_display": "92",
        "missing_lines": 6,
        "excluded_lines": 0,
        "percent_statements_covered": 92.5,
        "percent_statements_covered_display": "92"
      },
      "missing_lines": [89, 97, 103, 108, 109, 110],
      "excluded_lines": [],
      "functions": {
        "_parse_comma_list": {
          "executed_lines": [8],
          "summary": {
            "covered_lines": 1,
            "num_statements": 1,
            "percent_covered": 100.0,
            "percent_covered_display": "100",
            "missing_lines": 0,
            "excluded_lines": 0,
            "percent_statements_covered": 100.0,
            "percent_statements_covered_display": "100"
          },
          "missing_lines": [],
          "excluded_lines": [],
          "start_line": 7
        },
        "Settings.allow_origins": {
          "executed_lines": [38],
          "summary": {
            "covered_lines": 1,
            "num_statements": 1,
            "percent_covered": 100.0,
            "percent_covered_display": "100",
            "missing_lines": 0,
            "excluded_lines": 0,
            "percent_statements_covered": 100.0,
            "percent_statements_covered_display": "100"
          },
          "missing_lines": [],
          "excluded_lines": [],
          "start_line": 37
        },
        "Settings.allow_methods": {
          "executed_lines": [47],
          "summary": {
            "covered_lines": 1,
            "num_statements": 1,
            "percent_covered": 100.0,
            "percent_covered_display": "100",
            "missing_lines": 0,
            "excluded_lines": 0,
            "percent_statements_covered": 100.0,
            "percent_statements_covered_display": "100"
          },
          "missing_lines": [],
          "excluded_lines": [],
          "start_line": 46
        },
        "Settings.allow_headers": {
          "executed_lines": [54],
          "summary": {
            "covered_lines": 1,
            "num_statements": 1,
            "percent_covered": 100.0,
            "percent_covered_display": "100",
            "missing_lines": 0,
            "excluded_lines": 0,
            "percent_statements_covered": 100.0,
            "percent_statements_covered_display": "100"
          },
          "missing_lines": [],
          "excluded_lines": [],
          "start_line": 53
        },
        "Settings.validate_allow_origins_and_credentials": {
          "executed_lines": [88, 92],
          "summary": {
            "covered_lines": 2,
            "num_statements": 3,
            "percent_covered": 66.66666666666667,
            "percent_covered_display": "67",
            "missing_lines": 1,
            "excluded_lines": 0,
            "percent_statements_covered": 66.66666666666667,
            "percent_statements_covered_display": "67"
          },
          "missing_lines": [89],
          "excluded_lines": [],
          "start_line": 87
        },
        "Settings.validate_production_auth": {
          "executed_lines": [96, 98],
          "summary": {
            "covered_lines": 2,
            "num_statements": 3,
            "percent_covered": 66.66666666666667,
            "percent_covered_display": "67",
            "missing_lines": 1,
            "excluded_lines": 0,
            "percent_statements_covered": 66.66666666666667,
            "percent_statements_covered_display": "67"
          },
          "missing_lines": [97],
          "excluded_lines": [],
          "start_line": 95
        },
        "Settings.validate_billing_urls": {
          "executed_lines": [102, 113],
          "summary": {
            "covered_lines": 2,
            "num_statements": 6,
            "percent_covered": 33.333333333333336,
            "percent_covered_display": "33",
            "missing_lines": 4,
            "excluded_lines": 0,
            "percent_statements_covered": 33.333333333333336,
            "percent_statements_covered_display": "33"
          },
          "missing_lines": [103, 108, 109, 110],
          "excluded_lines": [],
          "start_line": 101
        },
        "": {
          "executed_lines": [
            1, 3, 4, 7, 11, 12, 16, 17, 18, 19, 20, 22, 24, 25, 26, 27, 28, 29,
            30, 31, 33, 35, 36, 37, 40, 42, 44, 45, 46, 49, 51, 52, 53, 56, 57,
            58, 59, 60, 61, 62, 64, 65, 66, 67, 69, 71, 72, 73, 74, 75, 76, 77,
            79, 80, 81, 83, 84, 86, 87, 94, 95, 100, 101, 116
          ],
          "summary": {
            "covered_lines": 64,
            "num_statements": 64,
            "percent_covered": 100.0,
            "percent_covered_display": "100",
            "missing_lines": 0,
            "excluded_lines": 0,
            "percent_statements_covered": 100.0,
            "percent_statements_covered_display": "100"
          },
          "missing_lines": [],
          "excluded_lines": [],
          "start_line": 1
        }
      },
      "classes": {
        "Settings": {
          "executed_lines": [38, 47, 54, 88, 92, 96, 98, 102, 113],
          "summary": {
            "covered_lines": 9,
            "num_statements": 15,
            "percent_covered": 60.0,
            "percent_covered_display": "60",
            "missing_lines": 6,
            "excluded_lines": 0,
            "percent_statements_covered": 60.0,
            "percent_statements_covered_display": "60"
          },
          "missing_lines": [89, 97, 103, 108, 109, 110],
          "excluded_lines": [],
          "start_line": 11
        },
        "": {
          "executed_lines": [
            1, 3, 4, 7, 8, 11, 12, 16, 17, 18, 19, 20, 22, 24, 25, 26, 27, 28,
            29, 30, 31, 33, 35, 36, 37, 40, 42, 44, 45, 46, 49, 51, 52, 53, 56,
            57, 58, 59, 60, 61, 62, 64, 65, 66, 67, 69, 71, 72, 73, 74, 75, 76,
            77, 79, 80, 81, 83, 84, 86, 87, 94, 95, 100, 101, 116
          ],
          "summary": {
            "covered_lines": 65,
            "num_statements": 65,
            "percent_covered": 100.0,
            "percent_covered_display": "100",
            "missing_lines": 0,
            "excluded_lines": 0,
            "percent_statements_covered": 100.0,
            "percent_statements_covered_display": "100"
          },
          "missing_lines": [],
          "excluded_lines": [],
          "start_line": 1
        }
      }
    },
    "src/core/context.py": {
      "executed_lines": [1, 3],
      "summary": {
        "covered_lines": 2,
        "num_statements": 2,
        "percent_covered": 100.0,
        "percent_covered_display": "100",
        "missing_lines": 0,
        "excluded_lines": 0,
        "percent_statements_covered": 100.0,
        "percent_statements_covered_display": "100"
      },
      "missing_lines": [],
      "excluded_lines": [],
      "functions": {
        "": {
          "executed_lines": [1, 3],
          "summary": {
            "covered_lines": 2,
            "num_statements": 2,
            "percent_covered": 100.0,
            "percent_covered_display": "100",
            "missing_lines": 0,
            "excluded_lines": 0,
            "percent_statements_covered": 100.0,
            "percent_statements_covered_display": "100"
          },
          "missing_lines": [],
          "excluded_lines": [],
          "start_line": 1
        }
      },
      "classes": {
        "": {
          "executed_lines": [1, 3],
          "summary": {
            "covered_lines": 2,
            "num_statements": 2,
            "percent_covered": 100.0,
            "percent_covered_display": "100",
            "missing_lines": 0,
            "excluded_lines": 0,
            "percent_statements_covered": 100.0,
            "percent_statements_covered_display": "100"
          },
          "missing_lines": [],
          "excluded_lines": [],
          "start_line": 1
        }
      }
    },
    "src/core/database.py": {
      "executed_lines": [1, 3, 4, 6, 8, 9, 12, 15],
      "summary": {
        "covered_lines": 8,
        "num_statements": 11,
        "percent_covered": 72.72727272727273,
        "percent_covered_display": "73",
        "missing_lines": 3,
        "excluded_lines": 0,
        "percent_statements_covered": 72.72727272727273,
        "percent_statements_covered_display": "73"
      },
      "missing_lines": [16, 17, 18],
      "excluded_lines": [],
      "functions": {
        "get_db": {
          "executed_lines": [],
          "summary": {
            "covered_lines": 0,
            "num_statements": 3,
            "percent_covered": 0.0,
            "percent_covered_display": "0",
            "missing_lines": 3,
            "excluded_lines": 0,
            "percent_statements_covered": 0.0,
            "percent_statements_covered_display": "0"
          },
          "missing_lines": [16, 17, 18],
          "excluded_lines": [],
          "start_line": 15
        },
        "": {
          "executed_lines": [1, 3, 4, 6, 8, 9, 12, 15],
          "summary": {
            "covered_lines": 8,
            "num_statements": 8,
            "percent_covered": 100.0,
            "percent_covered_display": "100",
            "missing_lines": 0,
            "excluded_lines": 0,
            "percent_statements_covered": 100.0,
            "percent_statements_covered_display": "100"
          },
          "missing_lines": [],
          "excluded_lines": [],
          "start_line": 1
        }
      },
      "classes": {
        "Base": {
          "executed_lines": [],
          "summary": {
            "covered_lines": 0,
            "num_statements": 0,
            "percent_covered": 100.0,
            "percent_covered_display": "100",
            "missing_lines": 0,
            "excluded_lines": 0,
            "percent_statements_covered": 100.0,
            "percent_statements_covered_display": "100"
          },
          "missing_lines": [],
          "excluded_lines": [],
          "start_line": 12
        },
        "": {
          "executed_lines": [1, 3, 4, 6, 8, 9, 12, 15],
          "summary": {
            "covered_lines": 8,
            "num_statements": 11,
            "percent_covered": 72.72727272727273,
            "percent_covered_display": "73",
            "missing_lines": 3,
            "excluded_lines": 0,
            "percent_statements_covered": 72.72727272727273,
            "percent_statements_covered_display": "73"
          },
          "missing_lines": [16, 17, 18],
          "excluded_lines": [],
          "start_line": 1
        }
      }
    },
    "src/core/dependencies.py": {
      "executed_lines": [
        1, 2, 3, 4, 6, 7, 9, 10, 11, 16, 17, 18, 19, 20, 23, 24, 25, 26, 56, 60,
        70, 71, 73, 74, 76, 77, 78, 80, 83, 91, 92, 95, 96, 98, 101, 102, 106,
        108, 115, 118, 119, 122, 123, 124, 126
      ],
      "summary": {
        "covered_lines": 45,
        "num_statements": 72,
        "percent_covered": 62.5,
        "percent_covered_display": "62",
        "missing_lines": 27,
        "excluded_lines": 0,
        "percent_statements_covered": 62.5,
        "percent_statements_covered_display": "62"
      },
      "missing_lines": [
        28, 29, 31, 32, 33, 34, 35, 36, 42, 43, 44, 45, 46, 48, 50, 51, 52, 53,
        61, 81, 85, 86, 88, 107, 111, 112, 113
      ],
      "excluded_lines": [],
      "functions": {
        "_authenticate_api_token": {
          "executed_lines": [24, 25, 26],
          "summary": {
            "covered_lines": 3,
            "num_statements": 21,
            "percent_covered": 14.285714285714286,
            "percent_covered_display": "14",
            "missing_lines": 18,
            "excluded_lines": 0,
            "percent_statements_covered": 14.285714285714286,
            "percent_statements_covered_display": "14"
          },
          "missing_lines": [
            28, 29, 31, 32, 33, 34, 35, 36, 42, 43, 44, 45, 46, 48, 50, 51, 52,
            53
          ],
          "excluded_lines": [],
          "start_line": 23
        },
        "authenticate": {
          "executed_lines": [60, 70, 71, 73, 74, 76, 77, 78, 80, 83],
          "summary": {
            "covered_lines": 10,
            "num_statements": 15,
            "percent_covered": 66.66666666666667,
            "percent_covered_display": "67",
            "missing_lines": 5,
            "excluded_lines": 0,
            "percent_statements_covered": 66.66666666666667,
            "percent_statements_covered_display": "67"
          },
          "missing_lines": [61, 81, 85, 86, 88],
          "excluded_lines": [],
          "start_line": 56
        },
        "require_permission": {
          "executed_lines": [92, 98],
          "summary": {
            "covered_lines": 2,
            "num_statements": 2,
            "percent_covered": 100.0,
            "percent_covered_display": "100",
            "missing_lines": 0,
            "excluded_lines": 0,
            "percent_statements_covered": 100.0,
            "percent_statements_covered_display": "100"
          },
          "missing_lines": [],
          "excluded_lines": [],
          "start_line": 91
        },
        "require_permission._check": {
          "executed_lines": [95, 96],
          "summary": {
            "covered_lines": 2,
            "num_statements": 2,
            "percent_covered": 100.0,
            "percent_covered_display": "100",
            "missing_lines": 0,
            "excluded_lines": 0,
            "percent_statements_covered": 100.0,
            "percent_statements_covered_display": "100"
          },
          "missing_lines": [],
          "excluded_lines": [],
          "start_line": 92
        },
        "require_plan_feature": {
          "executed_lines": [102, 115],
          "summary": {
            "covered_lines": 2,
            "num_statements": 2,
            "percent_covered": 100.0,
            "percent_covered_display": "100",
            "missing_lines": 0,
            "excluded_lines": 0,
            "percent_statements_covered": 100.0,
            "percent_statements_covered_display": "100"
          },
          "missing_lines": [],
          "excluded_lines": [],
          "start_line": 101
        },
        "require_plan_feature._check": {
          "executed_lines": [106, 108],
          "summary": {
            "covered_lines": 2,
            "num_statements": 6,
            "percent_covered": 33.333333333333336,
            "percent_covered_display": "33",
            "missing_lines": 4,
            "excluded_lines": 0,
            "percent_statements_covered": 33.333333333333336,
            "percent_statements_covered_display": "33"
          },
          "missing_lines": [107, 111, 112, 113],
          "excluded_lines": [],
          "start_line": 102
        },
        "require_owner": {
          "executed_lines": [119, 126],
          "summary": {
            "covered_lines": 2,
            "num_statements": 2,
            "percent_covered": 100.0,
            "percent_covered_display": "100",
            "missing_lines": 0,
            "excluded_lines": 0,
            "percent_statements_covered": 100.0,
            "percent_statements_covered_display": "100"
          },
          "missing_lines": [],
          "excluded_lines": [],
          "start_line": 118
        },
        "require_owner._check": {
          "executed_lines": [122, 123, 124],
          "summary": {
            "covered_lines": 3,
            "num_statements": 3,
            "percent_covered": 100.0,
            "percent_covered_display": "100",
            "missing_lines": 0,
            "excluded_lines": 0,
            "percent_statements_covered": 100.0,
            "percent_statements_covered_display": "100"
          },
          "missing_lines": [],
          "excluded_lines": [],
          "start_line": 119
        },
        "": {
          "executed_lines": [
            1, 2, 3, 4, 6, 7, 9, 10, 11, 16, 17, 18, 19, 20, 23, 56, 91, 101,
            118
          ],
          "summary": {
            "covered_lines": 19,
            "num_statements": 19,
            "percent_covered": 100.0,
            "percent_covered_display": "100",
            "missing_lines": 0,
            "excluded_lines": 0,
            "percent_statements_covered": 100.0,
            "percent_statements_covered_display": "100"
          },
          "missing_lines": [],
          "excluded_lines": [],
          "start_line": 1
        }
      },
      "classes": {
        "": {
          "executed_lines": [
            1, 2, 3, 4, 6, 7, 9, 10, 11, 16, 17, 18, 19, 20, 23, 24, 25, 26, 56,
            60, 70, 71, 73, 74, 76, 77, 78, 80, 83, 91, 92, 95, 96, 98, 101,
            102, 106, 108, 115, 118, 119, 122, 123, 124, 126
          ],
          "summary": {
            "covered_lines": 45,
            "num_statements": 72,
            "percent_covered": 62.5,
            "percent_covered_display": "62",
            "missing_lines": 27,
            "excluded_lines": 0,
            "percent_statements_covered": 62.5,
            "percent_statements_covered_display": "62"
          },
          "missing_lines": [
            28, 29, 31, 32, 33, 34, 35, 36, 42, 43, 44, 45, 46, 48, 50, 51, 52,
            53, 61, 81, 85, 86, 88, 107, 111, 112, 113
          ],
          "excluded_lines": [],
          "start_line": 1
        }
      }
    },
    "src/core/exceptions.py": {
      "executed_lines": [
        1, 3, 5, 8, 9, 11, 20, 22, 25, 26, 34, 39, 40, 48, 53, 54, 62, 67, 68,
        76, 81, 82, 90, 98, 99, 107, 112, 113, 121, 129, 130, 138
      ],
      "summary": {
        "covered_lines": 32,
        "num_statements": 32,
        "percent_covered": 100.0,
        "percent_covered_display": "100",
        "missing_lines": 0,
        "excluded_lines": 0,
        "percent_statements_covered": 100.0,
        "percent_statements_covered_display": "100"
      },
      "missing_lines": [],
      "excluded_lines": [],
      "functions": {
        "ClientException.__init__": {
          "executed_lines": [20, 22],
          "summary": {
            "covered_lines": 2,
            "num_statements": 2,
            "percent_covered": 100.0,
            "percent_covered_display": "100",
            "missing_lines": 0,
            "excluded_lines": 0,
            "percent_statements_covered": 100.0,
            "percent_statements_covered_display": "100"
          },
          "missing_lines": [],
          "excluded_lines": [],
          "start_line": 11
        },
        "NotAuthenticatedException.__init__": {
          "executed_lines": [34],
          "summary": {
            "covered_lines": 1,
            "num_statements": 1,
            "percent_covered": 100.0,
            "percent_covered_display": "100",
            "missing_lines": 0,
            "excluded_lines": 0,
            "percent_statements_covered": 100.0,
            "percent_statements_covered_display": "100"
          },
          "missing_lines": [],
          "excluded_lines": [],
          "start_line": 26
        },
        "PermissionDeniedException.__init__": {
          "executed_lines": [48],
          "summary": {
            "covered_lines": 1,
            "num_statements": 1,
            "percent_covered": 100.0,
            "percent_covered_display": "100",
            "missing_lines": 0,
            "excluded_lines": 0,
            "percent_statements_covered": 100.0,
            "percent_statements_covered_display": "100"
          },
          "missing_lines": [],
          "excluded_lines": [],
          "start_line": 40
        },
        "NotFoundException.__init__": {
          "executed_lines": [62],
          "summary": {
            "covered_lines": 1,
            "num_statements": 1,
            "percent_covered": 100.0,
            "percent_covered_display": "100",
            "missing_lines": 0,
            "excluded_lines": 0,
            "percent_statements_covered": 100.0,
            "percent_statements_covered_display": "100"
          },
          "missing_lines": [],
          "excluded_lines": [],
          "start_line": 54
        },
        "AlreadyExistsException.__init__": {
          "executed_lines": [76],
          "summary": {
            "covered_lines": 1,
            "num_statements": 1,
            "percent_covered": 100.0,
            "percent_covered_display": "100",
            "missing_lines": 0,
            "excluded_lines": 0,
            "percent_statements_covered": 100.0,
            "percent_statements_covered_display": "100"
          },
          "missing_lines": [],
          "excluded_lines": [],
          "start_line": 68
        },
        "ValidationException.__init__": {
          "executed_lines": [90],
          "summary": {
            "covered_lines": 1,
            "num_statements": 1,
            "percent_covered": 100.0,
            "percent_covered_display": "100",
            "missing_lines": 0,
            "excluded_lines": 0,
            "percent_statements_covered": 100.0,
            "percent_statements_covered_display": "100"
          },
          "missing_lines": [],
          "excluded_lines": [],
          "start_line": 82
        },
        "BillingProviderException.__init__": {
          "executed_lines": [107],
          "summary": {
            "covered_lines": 1,
            "num_statements": 1,
            "percent_covered": 100.0,
            "percent_covered_display": "100",
            "missing_lines": 0,
            "excluded_lines": 0,
            "percent_statements_covered": 100.0,
            "percent_statements_covered_display": "100"
          },
          "missing_lines": [],
          "excluded_lines": [],
          "start_line": 99
        },
        "PlanFeatureUnavailableException.__init__": {
          "executed_lines": [121],
          "summary": {
            "covered_lines": 1,
            "num_statements": 1,
            "percent_covered": 100.0,
            "percent_covered_display": "100",
            "missing_lines": 0,
            "excluded_lines": 0,
            "percent_statements_covered": 100.0,
            "percent_statements_covered_display": "100"
          },
          "missing_lines": [],
          "excluded_lines": [],
          "start_line": 113
        },
        "BillingWebhookException.__init__": {
          "executed_lines": [138],
          "summary": {
            "covered_lines": 1,
            "num_statements": 1,
            "percent_covered": 100.0,
            "percent_covered_display": "100",
            "missing_lines": 0,
            "excluded_lines": 0,
            "percent_statements_covered": 100.0,
            "percent_statements_covered_display": "100"
          },
          "missing_lines": [],
          "excluded_lines": [],
          "start_line": 130
        },
        "": {
          "executed_lines": [
            1, 3, 5, 8, 9, 11, 25, 26, 39, 40, 53, 54, 67, 68, 81, 82, 98, 99,
            112, 113, 129, 130
          ],
          "summary": {
            "covered_lines": 22,
            "num_statements": 22,
            "percent_covered": 100.0,
            "percent_covered_display": "100",
            "missing_lines": 0,
            "excluded_lines": 0,
            "percent_statements_covered": 100.0,
            "percent_statements_covered_display": "100"
          },
          "missing_lines": [],
          "excluded_lines": [],
          "start_line": 1
        }
      },
      "classes": {
        "ClientException": {
          "executed_lines": [20, 22],
          "summary": {
            "covered_lines": 2,
            "num_statements": 2,
            "percent_covered": 100.0,
            "percent_covered_display": "100",
            "missing_lines": 0,
            "excluded_lines": 0,
            "percent_statements_covered": 100.0,
            "percent_statements_covered_display": "100"
          },
          "missing_lines": [],
          "excluded_lines": [],
          "start_line": 8
        },
        "NotAuthenticatedException": {
          "executed_lines": [34],
          "summary": {
            "covered_lines": 1,
            "num_statements": 1,
            "percent_covered": 100.0,
            "percent_covered_display": "100",
            "missing_lines": 0,
            "excluded_lines": 0,
            "percent_statements_covered": 100.0,
            "percent_statements_covered_display": "100"
          },
          "missing_lines": [],
          "excluded_lines": [],
          "start_line": 25
        },
        "PermissionDeniedException": {
          "executed_lines": [48],
          "summary": {
            "covered_lines": 1,
            "num_statements": 1,
            "percent_covered": 100.0,
            "percent_covered_display": "100",
            "missing_lines": 0,
            "excluded_lines": 0,
            "percent_statements_covered": 100.0,
            "percent_statements_covered_display": "100"
          },
          "missing_lines": [],
          "excluded_lines": [],
          "start_line": 39
        },
        "NotFoundException": {
          "executed_lines": [62],
          "summary": {
            "covered_lines": 1,
            "num_statements": 1,
            "percent_covered": 100.0,
            "percent_covered_display": "100",
            "missing_lines": 0,
            "excluded_lines": 0,
            "percent_statements_covered": 100.0,
            "percent_statements_covered_display": "100"
          },
          "missing_lines": [],
          "excluded_lines": [],
          "start_line": 53
        },
        "AlreadyExistsException": {
          "executed_lines": [76],
          "summary": {
            "covered_lines": 1,
            "num_statements": 1,
            "percent_covered": 100.0,
            "percent_covered_display": "100",
            "missing_lines": 0,
            "excluded_lines": 0,
            "percent_statements_covered": 100.0,
            "percent_statements_covered_display": "100"
          },
          "missing_lines": [],
          "excluded_lines": [],
          "start_line": 67
        },
        "ValidationException": {
          "executed_lines": [90],
          "summary": {
            "covered_lines": 1,
            "num_statements": 1,
            "percent_covered": 100.0,
            "percent_covered_display": "100",
            "missing_lines": 0,
            "excluded_lines": 0,
            "percent_statements_covered": 100.0,
            "percent_statements_covered_display": "100"
          },
          "missing_lines": [],
          "excluded_lines": [],
          "start_line": 81
        },
        "BillingProviderException": {
          "executed_lines": [107],
          "summary": {
            "covered_lines": 1,
            "num_statements": 1,
            "percent_covered": 100.0,
            "percent_covered_display": "100",
            "missing_lines": 0,
            "excluded_lines": 0,
            "percent_statements_covered": 100.0,
            "percent_statements_covered_display": "100"
          },
          "missing_lines": [],
          "excluded_lines": [],
          "start_line": 98
        },
        "PlanFeatureUnavailableException": {
          "executed_lines": [121],
          "summary": {
            "covered_lines": 1,
            "num_statements": 1,
            "percent_covered": 100.0,
            "percent_covered_display": "100",
            "missing_lines": 0,
            "excluded_lines": 0,
            "percent_statements_covered": 100.0,
            "percent_statements_covered_display": "100"
          },
          "missing_lines": [],
          "excluded_lines": [],
          "start_line": 112
        },
        "BillingWebhookException": {
          "executed_lines": [138],
          "summary": {
            "covered_lines": 1,
            "num_statements": 1,
            "percent_covered": 100.0,
            "percent_covered_display": "100",
            "missing_lines": 0,
            "excluded_lines": 0,
            "percent_statements_covered": 100.0,
            "percent_statements_covered_display": "100"
          },
          "missing_lines": [],
          "excluded_lines": [],
          "start_line": 129
        },
        "": {
          "executed_lines": [
            1, 3, 5, 8, 9, 11, 25, 26, 39, 40, 53, 54, 67, 68, 81, 82, 98, 99,
            112, 113, 129, 130
          ],
          "summary": {
            "covered_lines": 22,
            "num_statements": 22,
            "percent_covered": 100.0,
            "percent_covered_display": "100",
            "missing_lines": 0,
            "excluded_lines": 0,
            "percent_statements_covered": 100.0,
            "percent_statements_covered_display": "100"
          },
          "missing_lines": [],
          "excluded_lines": [],
          "start_line": 1
        }
      }
    },
    "src/core/limiter.py": {
      "executed_lines": [1, 2, 4, 6],
      "summary": {
        "covered_lines": 4,
        "num_statements": 4,
        "percent_covered": 100.0,
        "percent_covered_display": "100",
        "missing_lines": 0,
        "excluded_lines": 0,
        "percent_statements_covered": 100.0,
        "percent_statements_covered_display": "100"
      },
      "missing_lines": [],
      "excluded_lines": [],
      "functions": {
        "": {
          "executed_lines": [1, 2, 4, 6],
          "summary": {
            "covered_lines": 4,
            "num_statements": 4,
            "percent_covered": 100.0,
            "percent_covered_display": "100",
            "missing_lines": 0,
            "excluded_lines": 0,
            "percent_statements_covered": 100.0,
            "percent_statements_covered_display": "100"
          },
          "missing_lines": [],
          "excluded_lines": [],
          "start_line": 1
        }
      },
      "classes": {
        "": {
          "executed_lines": [1, 2, 4, 6],
          "summary": {
            "covered_lines": 4,
            "num_statements": 4,
            "percent_covered": 100.0,
            "percent_covered_display": "100",
            "missing_lines": 0,
            "excluded_lines": 0,
            "percent_statements_covered": 100.0,
            "percent_statements_covered_display": "100"
          },
          "missing_lines": [],
          "excluded_lines": [],
          "start_line": 1
        }
      }
    },
    "src/core/logging.py": {
      "executed_lines": [
        1, 2, 5, 6, 7, 8, 9, 10, 11, 13, 14, 15, 16, 24, 25, 26, 27, 30, 32
      ],
      "summary": {
        "covered_lines": 19,
        "num_statements": 19,
        "percent_covered": 100.0,
        "percent_covered_display": "100",
        "missing_lines": 0,
        "excluded_lines": 0,
        "percent_statements_covered": 100.0,
        "percent_statements_covered_display": "100"
      },
      "missing_lines": [],
      "excluded_lines": [],
      "functions": {
        "CustomFormatter.__init__": {
          "executed_lines": [14, 15, 16],
          "summary": {
            "covered_lines": 3,
            "num_statements": 3,
            "percent_covered": 100.0,
            "percent_covered_display": "100",
            "missing_lines": 0,
            "excluded_lines": 0,
            "percent_statements_covered": 100.0,
            "percent_statements_covered_display": "100"
          },
          "missing_lines": [],
          "excluded_lines": [],
          "start_line": 13
        },
        "CustomFormatter.format": {
          "executed_lines": [25, 26, 27],
          "summary": {
            "covered_lines": 3,
            "num_statements": 3,
            "percent_covered": 100.0,
            "percent_covered_display": "100",
            "missing_lines": 0,
            "excluded_lines": 0,
            "percent_statements_covered": 100.0,
            "percent_statements_covered_display": "100"
          },
          "missing_lines": [],
          "excluded_lines": [],
          "start_line": 24
        },
        "": {
          "executed_lines": [1, 2, 5, 6, 7, 8, 9, 10, 11, 13, 24, 30, 32],
          "summary": {
            "covered_lines": 13,
            "num_statements": 13,
            "percent_covered": 100.0,
            "percent_covered_display": "100",
            "missing_lines": 0,
            "excluded_lines": 0,
            "percent_statements_covered": 100.0,
            "percent_statements_covered_display": "100"
          },
          "missing_lines": [],
          "excluded_lines": [],
          "start_line": 1
        }
      },
      "classes": {
        "CustomFormatter": {
          "executed_lines": [14, 15, 16, 25, 26, 27],
          "summary": {
            "covered_lines": 6,
            "num_statements": 6,
            "percent_covered": 100.0,
            "percent_covered_display": "100",
            "missing_lines": 0,
            "excluded_lines": 0,
            "percent_statements_covered": 100.0,
            "percent_statements_covered_display": "100"
          },
          "missing_lines": [],
          "excluded_lines": [],
          "start_line": 5
        },
        "": {
          "executed_lines": [1, 2, 5, 6, 7, 8, 9, 10, 11, 13, 24, 30, 32],
          "summary": {
            "covered_lines": 13,
            "num_statements": 13,
            "percent_covered": 100.0,
            "percent_covered_display": "100",
            "missing_lines": 0,
            "excluded_lines": 0,
            "percent_statements_covered": 100.0,
            "percent_statements_covered_display": "100"
          },
          "missing_lines": [],
          "excluded_lines": [],
          "start_line": 1
        }
      }
    },
    "src/core/middlewares.py": {
      "executed_lines": [
        1, 3, 4, 5, 6, 8, 9, 10, 11, 13, 16, 17, 18, 20, 21, 22, 23, 25, 26, 29,
        32, 33, 35, 36, 37, 39, 42, 43, 44, 46, 47, 48, 49, 51, 53, 56, 57, 59,
        61, 62, 63, 68
      ],
      "summary": {
        "covered_lines": 42,
        "num_statements": 51,
        "percent_covered": 82.3529411764706,
        "percent_covered_display": "82",
        "missing_lines": 9,
        "excluded_lines": 0,
        "percent_statements_covered": 82.3529411764706,
        "percent_statements_covered_display": "82"
      },
      "missing_lines": [30, 64, 65, 66, 76, 81, 90, 101, 102],
      "excluded_lines": [],
      "functions": {
        "AuditContextMiddleware.__init__": {
          "executed_lines": [18],
          "summary": {
            "covered_lines": 1,
            "num_statements": 1,
            "percent_covered": 100.0,
            "percent_covered_display": "100",
            "missing_lines": 0,
            "excluded_lines": 0,
            "percent_statements_covered": 100.0,
            "percent_statements_covered_display": "100"
          },
          "missing_lines": [],
          "excluded_lines": [],
          "start_line": 17
        },
        "AuditContextMiddleware.__call__": {
          "executed_lines": [21, 22, 23, 25, 26, 29, 32, 33, 35, 36, 37, 39],
          "summary": {
            "covered_lines": 12,
            "num_statements": 13,
            "percent_covered": 92.3076923076923,
            "percent_covered_display": "92",
            "missing_lines": 1,
            "excluded_lines": 0,
            "percent_statements_covered": 92.3076923076923,
            "percent_statements_covered_display": "92"
          },
          "missing_lines": [30],
          "excluded_lines": [],
          "start_line": 20
        },
        "ErrorHandlingMiddleware.__init__": {
          "executed_lines": [44],
          "summary": {
            "covered_lines": 1,
            "num_statements": 1,
            "percent_covered": 100.0,
            "percent_covered_display": "100",
            "missing_lines": 0,
            "excluded_lines": 0,
            "percent_statements_covered": 100.0,
            "percent_statements_covered_display": "100"
          },
          "missing_lines": [],
          "excluded_lines": [],
          "start_line": 43
        },
        "ErrorHandlingMiddleware.__call__": {
          "executed_lines": [47, 48, 49, 51, 53, 61, 62, 63],
          "summary": {
            "covered_lines": 8,
            "num_statements": 11,
            "percent_covered": 72.72727272727273,
            "percent_covered_display": "73",
            "missing_lines": 3,
            "excluded_lines": 0,
            "percent_statements_covered": 72.72727272727273,
            "percent_statements_covered_display": "73"
          },
          "missing_lines": [64, 65, 66],
          "excluded_lines": [],
          "start_line": 46
        },
        "ErrorHandlingMiddleware.__call__.send_wrapper": {
          "executed_lines": [56, 57, 59],
          "summary": {
            "covered_lines": 3,
            "num_statements": 3,
            "percent_covered": 100.0,
            "percent_covered_display": "100",
            "missing_lines": 0,
            "excluded_lines": 0,
            "percent_statements_covered": 100.0,
            "percent_statements_covered_display": "100"
          },
          "missing_lines": [],
          "excluded_lines": [],
          "start_line": 53
        },
        "ErrorHandlingMiddleware.process_exception": {
          "executed_lines": [],
          "summary": {
            "covered_lines": 0,
            "num_statements": 5,
            "percent_covered": 0.0,
            "percent_covered_display": "0",
            "missing_lines": 5,
            "excluded_lines": 0,
            "percent_statements_covered": 0.0,
            "percent_statements_covered_display": "0"
          },
          "missing_lines": [76, 81, 90, 101, 102],
          "excluded_lines": [],
          "start_line": 68
        },
        "": {
          "executed_lines": [
            1, 3, 4, 5, 6, 8, 9, 10, 11, 13, 16, 17, 20, 42, 43, 46, 68
          ],
          "summary": {
            "covered_lines": 17,
            "num_statements": 17,
            "percent_covered": 100.0,
            "percent_covered_display": "100",
            "missing_lines": 0,
            "excluded_lines": 0,
            "percent_statements_covered": 100.0,
            "percent_statements_covered_display": "100"
          },
          "missing_lines": [],
          "excluded_lines": [],
          "start_line": 1
        }
      },
      "classes": {
        "AuditContextMiddleware": {
          "executed_lines": [
            18, 21, 22, 23, 25, 26, 29, 32, 33, 35, 36, 37, 39
          ],
          "summary": {
            "covered_lines": 13,
            "num_statements": 14,
            "percent_covered": 92.85714285714286,
            "percent_covered_display": "93",
            "missing_lines": 1,
            "excluded_lines": 0,
            "percent_statements_covered": 92.85714285714286,
            "percent_statements_covered_display": "93"
          },
          "missing_lines": [30],
          "excluded_lines": [],
          "start_line": 16
        },
        "ErrorHandlingMiddleware": {
          "executed_lines": [44, 47, 48, 49, 51, 53, 56, 57, 59, 61, 62, 63],
          "summary": {
            "covered_lines": 12,
            "num_statements": 20,
            "percent_covered": 60.0,
            "percent_covered_display": "60",
            "missing_lines": 8,
            "excluded_lines": 0,
            "percent_statements_covered": 60.0,
            "percent_statements_covered_display": "60"
          },
          "missing_lines": [64, 65, 66, 76, 81, 90, 101, 102],
          "excluded_lines": [],
          "start_line": 42
        },
        "": {
          "executed_lines": [
            1, 3, 4, 5, 6, 8, 9, 10, 11, 13, 16, 17, 20, 42, 43, 46, 68
          ],
          "summary": {
            "covered_lines": 17,
            "num_statements": 17,
            "percent_covered": 100.0,
            "percent_covered_display": "100",
            "missing_lines": 0,
            "excluded_lines": 0,
            "percent_statements_covered": 100.0,
            "percent_statements_covered_display": "100"
          },
          "missing_lines": [],
          "excluded_lines": [],
          "start_line": 1
        }
      }
    },
    "src/core/security.py": {
      "executed_lines": [
        1, 2, 3, 5, 6, 7, 8, 9, 11, 12, 13, 14, 16, 17, 18, 21, 22, 23, 24, 25,
        26, 27, 29, 30, 31, 34, 47, 48, 50, 51, 52, 53, 56, 57, 58, 59, 62, 63,
        64, 65, 66, 67, 68, 69, 71, 72, 73, 76, 81, 82, 85, 88, 89, 90, 93, 94,
        95, 98, 99, 104, 105, 108, 109, 110, 115, 116, 117, 123, 124, 127, 128,
        131, 138, 147, 148, 149, 150, 151, 158, 159, 160, 161
      ],
      "summary": {
        "covered_lines": 82,
        "num_statements": 84,
[...]
            "excluded_lines": 0,
            "percent_statements_covered": 33.333333333333336,
            "percent_statements_covered_display": "33"
          },
          "missing_lines": [100, 109],
          "excluded_lines": [],
          "start_line": 98
        },
        "RoleService.manage_permissions": {
          "executed_lines": [114],
          "summary": {
            "covered_lines": 1,
            "num_statements": 10,
            "percent_covered": 10.0,
            "percent_covered_display": "10",
            "missing_lines": 9,
            "excluded_lines": 0,
            "percent_statements_covered": 10.0,
            "percent_statements_covered_display": "10"
          },
          "missing_lines": [116, 117, 119, 120, 122, 123, 125, 126, 139],
          "excluded_lines": [],
          "start_line": 111
        },
        "": {
          "executed_lines": [
            1, 3, 5, 6, 7, 8, 9, 10, 11, 12, 13, 14, 15, 18, 19, 21, 31, 40, 52,
            71, 93, 98, 111
          ],
          "summary": {
            "covered_lines": 23,
            "num_statements": 23,
            "percent_covered": 100.0,
            "percent_covered_display": "100",
            "missing_lines": 0,
            "excluded_lines": 0,
            "percent_statements_covered": 100.0,
            "percent_statements_covered_display": "100"
          },
          "missing_lines": [],
          "excluded_lines": [],
          "start_line": 1
        }
      },
      "classes": {
        "RoleService": {
          "executed_lines": [
            26, 27, 28, 29, 32, 46, 53, 54, 59, 72, 75, 76, 94, 99, 114
          ],
          "summary": {
            "covered_lines": 15,
            "num_statements": 38,
            "percent_covered": 39.473684210526315,
            "percent_covered_display": "39",
            "missing_lines": 23,
            "excluded_lines": 0,
            "percent_statements_covered": 39.473684210526315,
            "percent_statements_covered_display": "39"
          },
          "missing_lines": [
            33, 34, 38, 55, 60, 69, 74, 77, 78, 82, 83, 91, 100, 109, 116, 117,
            119, 120, 122, 123, 125, 126, 139
          ],
          "excluded_lines": [],
          "start_line": 18
        },
        "": {
          "executed_lines": [
            1, 3, 5, 6, 7, 8, 9, 10, 11, 12, 13, 14, 15, 18, 19, 21, 31, 40, 52,
            71, 93, 98, 111
          ],
          "summary": {
            "covered_lines": 23,
            "num_statements": 23,
            "percent_covered": 100.0,
            "percent_covered_display": "100",
            "missing_lines": 0,
            "excluded_lines": 0,
            "percent_statements_covered": 100.0,
            "percent_statements_covered_display": "100"
          },
          "missing_lines": [],
          "excluded_lines": [],
          "start_line": 1
        }
      }
    },
    "src/services/user.py": {
      "executed_lines": [
        1, 2, 4, 6, 7, 8, 9, 10, 15, 16, 17, 18, 19, 20, 21, 22, 31, 32, 35, 38,
        40, 46, 47, 48, 49, 50, 52, 53, 58, 69, 70, 75, 78, 79, 80, 88, 94, 108,
        109, 111, 112, 113, 114, 121, 129, 143, 144, 146, 157, 158, 161, 162,
        186, 200, 201, 205, 208, 209, 210, 211, 217, 276, 277, 278, 281, 318,
        319, 320, 324, 341, 345, 352, 356, 391, 392, 451, 452
      ],
      "summary": {
        "covered_lines": 77,
        "num_statements": 170,
        "percent_covered": 45.294117647058826,
        "percent_covered_display": "45",
        "missing_lines": 93,
        "excluded_lines": 0,
        "percent_statements_covered": 45.294117647058826,
        "percent_statements_covered_display": "45"
      },
      "missing_lines": [
        83, 101, 115, 116, 123, 124, 132, 133, 136, 137, 141, 150, 151, 153,
        155, 160, 163, 164, 169, 171, 180, 181, 189, 190, 193, 194, 198, 212,
        218, 219, 225, 226, 232, 241, 242, 246, 255, 258, 259, 261, 280, 284,
        289, 291, 294, 295, 300, 301, 302, 303, 305, 306, 307, 309, 325, 327,
        328, 329, 330, 331, 335, 336, 349, 350, 359, 360, 366, 367, 369, 370,
        372, 373, 375, 376, 389, 393, 400, 401, 402, 404, 456, 457, 459, 464,
        465, 471, 472, 473, 476, 478, 479, 481, 488
      ],
      "excluded_lines": [],
      "functions": {
        "UserService.__init__": {
          "executed_lines": [46, 47, 48, 49, 50],
          "summary": {
            "covered_lines": 5,
            "num_statements": 5,
            "percent_covered": 100.0,
            "percent_covered_display": "100",
            "missing_lines": 0,
            "excluded_lines": 0,
            "percent_statements_covered": 100.0,
            "percent_statements_covered_display": "100"
          },
          "missing_lines": [],
          "excluded_lines": [],
          "start_line": 40
        },
        "UserService._user_out": {
          "executed_lines": [53, 58],
          "summary": {
            "covered_lines": 2,
            "num_statements": 2,
            "percent_covered": 100.0,
            "percent_covered_display": "100",
            "missing_lines": 0,
            "excluded_lines": 0,
            "percent_statements_covered": 100.0,
            "percent_statements_covered_display": "100"
          },
          "missing_lines": [],
          "excluded_lines": [],
          "start_line": 52
        },
        "UserService._assert_not_last_admin": {
          "executed_lines": [70, 75, 78, 79, 80],
          "summary": {
            "covered_lines": 5,
            "num_statements": 6,
            "percent_covered": 83.33333333333333,
            "percent_covered_display": "83",
            "missing_lines": 1,
            "excluded_lines": 0,
            "percent_statements_covered": 83.33333333333333,
            "percent_statements_covered_display": "83"
          },
          "missing_lines": [83],
          "excluded_lines": [],
          "start_line": 69
        },
        "UserService.paginate": {
          "executed_lines": [94],
          "summary": {
            "covered_lines": 1,
            "num_statements": 2,
            "percent_covered": 50.0,
            "percent_covered_display": "50",
            "missing_lines": 1,
            "excluded_lines": 0,
            "percent_statements_covered": 50.0,
            "percent_statements_covered_display": "50"
          },
          "missing_lines": [101],
          "excluded_lines": [],
          "start_line": 88
        },
        "UserService.get_authenticated_user": {
          "executed_lines": [109],
          "summary": {
            "covered_lines": 1,
            "num_statements": 1,
            "percent_covered": 100.0,
            "percent_covered_display": "100",
            "missing_lines": 0,
            "excluded_lines": 0,
            "percent_statements_covered": 100.0,
            "percent_statements_covered_display": "100"
          },
          "missing_lines": [],
          "excluded_lines": [],
          "start_line": 108
        },
        "UserService.patch_profile": {
          "executed_lines": [112, 121, 129],
          "summary": {
            "covered_lines": 3,
            "num_statements": 10,
            "percent_covered": 30.0,
            "percent_covered_display": "30",
            "missing_lines": 7,
            "excluded_lines": 0,
            "percent_statements_covered": 30.0,
            "percent_statements_covered_display": "30"
          },
          "missing_lines": [123, 124, 132, 133, 136, 137, 141],
          "excluded_lines": [],
          "start_line": 111
        },
        "UserService.patch_profile.validate": {
          "executed_lines": [113, 114],
          "summary": {
            "covered_lines": 2,
            "num_statements": 4,
            "percent_covered": 50.0,
            "percent_covered_display": "50",
            "missing_lines": 2,
            "excluded_lines": 0,
            "percent_statements_covered": 50.0,
            "percent_statements_covered_display": "50"
          },
          "missing_lines": [115, 116],
          "excluded_lines": [],
          "start_line": 112
        },
        "UserService.change_password": {
          "executed_lines": [144, 146],
          "summary": {
            "covered_lines": 2,
            "num_statements": 6,
            "percent_covered": 33.333333333333336,
            "percent_covered_display": "33",
            "missing_lines": 4,
            "excluded_lines": 0,
            "percent_statements_covered": 33.333333333333336,
            "percent_statements_covered_display": "33"
          },
          "missing_lines": [150, 151, 153, 155],
          "excluded_lines": [],
          "start_line": 143
        },
        "UserService.patch_user": {
          "executed_lines": [158, 186],
          "summary": {
            "covered_lines": 2,
            "num_statements": 12,
            "percent_covered": 16.666666666666668,
            "percent_covered_display": "17",
            "missing_lines": 10,
            "excluded_lines": 0,
            "percent_statements_covered": 16.666666666666668,
            "percent_statements_covered_display": "17"
          },
          "missing_lines": [160, 169, 171, 180, 181, 189, 190, 193, 194, 198],
          "excluded_lines": [],
          "start_line": 157
        },
        "UserService.patch_user.validate": {
          "executed_lines": [161, 162],
          "summary": {
            "covered_lines": 2,
            "num_statements": 4,
            "percent_covered": 50.0,
            "percent_covered_display": "50",
            "missing_lines": 2,
            "excluded_lines": 0,
            "percent_statements_covered": 50.0,
            "percent_statements_covered_display": "50"
          },
          "missing_lines": [163, 164],
          "excluded_lines": [],
          "start_line": 160
        },
        "UserService.get_user": {
          "executed_lines": [201],
          "summary": {
            "covered_lines": 1,
            "num_statements": 1,
            "percent_covered": 100.0,
            "percent_covered_display": "100",
            "missing_lines": 0,
            "excluded_lines": 0,
            "percent_statements_covered": 100.0,
            "percent_statements_covered_display": "100"
          },
          "missing_lines": [],
          "excluded_lines": [],
          "start_line": 200
        },
        "UserService.invite_user": {
          "executed_lines": [208, 209, 210, 211, 217],
          "summary": {
            "covered_lines": 5,
            "num_statements": 18,
            "percent_covered": 27.77777777777778,
            "percent_covered_display": "28",
            "missing_lines": 13,
            "excluded_lines": 0,
            "percent_statements_covered": 27.77777777777778,
            "percent_statements_covered_display": "28"
          },
          "missing_lines": [
            212, 218, 219, 225, 226, 232, 241, 242, 246, 255, 258, 259, 261
          ],
          "excluded_lines": [],
          "start_line": 205
        },
        "UserService.remove_user": {
          "executed_lines": [277, 278, 281],
          "summary": {
            "covered_lines": 3,
            "num_statements": 17,
            "percent_covered": 17.647058823529413,
            "percent_covered_display": "18",
            "missing_lines": 14,
            "excluded_lines": 0,
            "percent_statements_covered": 17.647058823529413,
            "percent_statements_covered_display": "18"
          },
          "missing_lines": [
            280, 284, 289, 291, 294, 295, 300, 301, 302, 303, 305, 306, 307, 309
          ],
          "excluded_lines": [],
          "start_line": 276
        },
        "UserService.manage_roles": {
          "executed_lines": [319, 320, 324, 341, 345, 352, 356],
          "summary": {
            "covered_lines": 7,
            "num_statements": 28,
            "percent_covered": 25.0,
            "percent_covered_display": "25",
            "missing_lines": 21,
            "excluded_lines": 0,
            "percent_statements_covered": 25.0,
            "percent_statements_covered_display": "25"
          },
          "missing_lines": [
            325, 327, 328, 329, 330, 331, 335, 336, 349, 350, 359, 360, 366,
            367, 369, 370, 372, 373, 375, 376, 389
          ],
          "excluded_lines": [],
          "start_line": 318
        },
        "UserService.export_me": {
          "executed_lines": [392],
          "summary": {
            "covered_lines": 1,
            "num_statements": 6,
            "percent_covered": 16.666666666666668,
            "percent_covered_display": "17",
            "missing_lines": 5,
            "excluded_lines": 0,
            "percent_statements_covered": 16.666666666666668,
            "percent_statements_covered_display": "17"
          },
          "missing_lines": [393, 400, 401, 402, 404],
          "excluded_lines": [],
          "start_line": 391
        },
        "UserService.delete_me": {
          "executed_lines": [452],
          "summary": {
            "covered_lines": 1,
            "num_statements": 14,
            "percent_covered": 7.142857142857143,
            "percent_covered_display": "7",
            "missing_lines": 13,
            "excluded_lines": 0,
            "percent_statements_covered": 7.142857142857143,
            "percent_statements_covered_display": "7"
          },
          "missing_lines": [
            456, 457, 459, 464, 465, 471, 472, 473, 476, 478, 479, 481, 488
          ],
          "excluded_lines": [],
          "start_line": 451
        },
        "": {
          "executed_lines": [
            1, 2, 4, 6, 7, 8, 9, 10, 15, 16, 17, 18, 19, 20, 21, 22, 31, 32, 35,
            38, 40, 52, 69, 88, 108, 111, 143, 157, 200, 205, 276, 318, 391, 451
          ],
          "summary": {
            "covered_lines": 34,
            "num_statements": 34,
            "percent_covered": 100.0,
            "percent_covered_display": "100",
            "missing_lines": 0,
            "excluded_lines": 0,
            "percent_statements_covered": 100.0,
            "percent_statements_covered_display": "100"
          },
          "missing_lines": [],
          "excluded_lines": [],
          "start_line": 1
        }
      },
      "classes": {
        "UserService": {
          "executed_lines": [
            46, 47, 48, 49, 50, 53, 58, 70, 75, 78, 79, 80, 94, 109, 112, 113,
            114, 121, 129, 144, 146, 158, 161, 162, 186, 201, 208, 209, 210,
            211, 217, 277, 278, 281, 319, 320, 324, 341, 345, 352, 356, 392, 452
          ],
          "summary": {
            "covered_lines": 43,
            "num_statements": 136,
            "percent_covered": 31.61764705882353,
            "percent_covered_display": "32",
            "missing_lines": 93,
            "excluded_lines": 0,
            "percent_statements_covered": 31.61764705882353,
            "percent_statements_covered_display": "32"
          },
          "missing_lines": [
            83, 101, 115, 116, 123, 124, 132, 133, 136, 137, 141, 150, 151, 153,
            155, 160, 163, 164, 169, 171, 180, 181, 189, 190, 193, 194, 198,
            212, 218, 219, 225, 226, 232, 241, 242, 246, 255, 258, 259, 261,
            280, 284, 289, 291, 294, 295, 300, 301, 302, 303, 305, 306, 307,
            309, 325, 327, 328, 329, 330, 331, 335, 336, 349, 350, 359, 360,
            366, 367, 369, 370, 372, 373, 375, 376, 389, 393, 400, 401, 402,
            404, 456, 457, 459, 464, 465, 471, 472, 473, 476, 478, 479, 481, 488
          ],
          "excluded_lines": [],
          "start_line": 35
        },
        "": {
          "executed_lines": [
            1, 2, 4, 6, 7, 8, 9, 10, 15, 16, 17, 18, 19, 20, 21, 22, 31, 32, 35,
            38, 40, 52, 69, 88, 108, 111, 143, 157, 200, 205, 276, 318, 391, 451
          ],
          "summary": {
            "covered_lines": 34,
            "num_statements": 34,
            "percent_covered": 100.0,
            "percent_covered_display": "100",
            "missing_lines": 0,
            "excluded_lines": 0,
            "percent_statements_covered": 100.0,
            "percent_statements_covered_display": "100"
          },
          "missing_lines": [],
          "excluded_lines": [],
          "start_line": 1
        }
      }
    },
    "src/services/utils.py": {
      "executed_lines": [
        1, 2, 3, 4, 6, 7, 8, 9, 10, 11, 13, 16, 21, 61, 69, 70, 72, 78, 79, 80,
        83, 85, 89, 92, 94, 95, 100, 102, 104
      ],
      "summary": {
        "covered_lines": 29,
        "num_statements": 48,
        "percent_covered": 60.416666666666664,
        "percent_covered_display": "60",
        "missing_lines": 19,
        "excluded_lines": 0,
        "percent_statements_covered": 60.416666666666664,
        "percent_statements_covered_display": "60"
      },
      "missing_lines": [
        22, 24, 30, 31, 33, 34, 40, 47, 48, 49, 55, 71, 96, 97, 98, 99, 101,
        105, 106
      ],
      "excluded_lines": [],
      "functions": {
        "setup_new_organization": {
          "executed_lines": [21],
          "summary": {
            "covered_lines": 1,
            "num_statements": 12,
            "percent_covered": 8.333333333333334,
            "percent_covered_display": "8",
            "missing_lines": 11,
            "excluded_lines": 0,
            "percent_statements_covered": 8.333333333333334,
            "percent_statements_covered_display": "8"
          },
          "missing_lines": [22, 24, 30, 31, 33, 34, 40, 47, 48, 49, 55],
          "excluded_lines": [],
          "start_line": 16
        },
        "send_email": {
          "executed_lines": [
            69, 70, 72, 78, 79, 80, 83, 85, 89, 92, 94, 95, 100, 102, 104
          ],
          "summary": {
            "covered_lines": 15,
            "num_statements": 23,
            "percent_covered": 65.21739130434783,
            "percent_covered_display": "65",
            "missing_lines": 8,
            "excluded_lines": 0,
            "percent_statements_covered": 65.21739130434783,
            "percent_statements_covered_display": "65"
          },
          "missing_lines": [71, 96, 97, 98, 99, 101, 105, 106],
          "excluded_lines": [],
          "start_line": 61
        },
        "": {
          "executed_lines": [1, 2, 3, 4, 6, 7, 8, 9, 10, 11, 13, 16, 61],
          "summary": {
            "covered_lines": 13,
            "num_statements": 13,
            "percent_covered": 100.0,
            "percent_covered_display": "100",
            "missing_lines": 0,
            "excluded_lines": 0,
            "percent_statements_covered": 100.0,
            "percent_statements_covered_display": "100"
          },
          "missing_lines": [],
          "excluded_lines": [],
          "start_line": 1
        }
      },
      "classes": {
        "": {
          "executed_lines": [
            1, 2, 3, 4, 6, 7, 8, 9, 10, 11, 13, 16, 21, 61, 69, 70, 72, 78, 79,
            80, 83, 85, 89, 92, 94, 95, 100, 102, 104
          ],
          "summary": {
            "covered_lines": 29,
            "num_statements": 48,
            "percent_covered": 60.416666666666664,
            "percent_covered_display": "60",
            "missing_lines": 19,
            "excluded_lines": 0,
            "percent_statements_covered": 60.416666666666664,
            "percent_statements_covered_display": "60"
          },
          "missing_lines": [
            22, 24, 30, 31, 33, 34, 40, 47, 48, 49, 55, 71, 96, 97, 98, 99, 101,
            105, 106
          ],
          "excluded_lines": [],
          "start_line": 1
        }
      }
    }
  },
  "totals": {
    "covered_lines": 2568,
    "num_statements": 3696,
    "percent_covered": 69.48051948051948,
    "percent_covered_display": "69",
    "missing_lines": 1128,
    "excluded_lines": 180,
    "percent_statements_covered": 69.48051948051948,
    "percent_statements_covered_display": "69"
  }
}
